E:\PROJECT\20200418周末班\C++\20200728PLANE\CODE\CODE\DEBUG\BACK.OBJ
E:\PROJECT\20200418周末班\C++\20200728PLANE\CODE\CODE\DEBUG\FOEPLANE.OBJ
E:\PROJECT\20200418周末班\C++\20200728PLANE\CODE\CODE\DEBUG\GUNNER.OBJ
E:\PROJECT\20200418周末班\C++\20200728PLANE\CODE\CODE\DEBUG\GUNNERBOX.OBJ
E:\PROJECT\20200418周末班\C++\20200728PLANE\CODE\CODE\DEBUG\PLANEAPP.OBJ
E:\PROJECT\20200418周末班\C++\20200728PLANE\CODE\CODE\DEBUG\PLAYER.OBJ
E:\PROJECT\20200418周末班\C++\20200728PLANE\CODE\CODE\DEBUG\WINMAIN.OBJ
E:\PROJECT\20200418周末班\C++\20200728PLANE\CODE\CODE\DEBUG\VC110.PDB
E:\PROJECT\20200418周末班\C++\20200728PLANE\CODE\DEBUG\CODE.ILK
E:\PROJECT\20200418周末班\C++\20200728PLANE\CODE\DEBUG\CODE.EXE
E:\PROJECT\20200418周末班\C++\20200728PLANE\CODE\DEBUG\CODE.PDB
E:\PROJECT\20200418周末班\C++\20200728PLANE\CODE\CODE\DEBUG\CODE.RES
E:\Project\20200418周末班\C++\20200728plane\code\code\Debug\Back.obj
E:\Project\20200418周末班\C++\20200728plane\code\code\Debug\FoePlane.obj
E:\Project\20200418周末班\C++\20200728plane\code\code\Debug\Gunner.obj
E:\Project\20200418周末班\C++\20200728plane\code\code\Debug\GunnerBox.obj
E:\Project\20200418周末班\C++\20200728plane\code\code\Debug\PlaneApp.obj
E:\Project\20200418周末班\C++\20200728plane\code\code\Debug\Player.obj
E:\Project\20200418周末班\C++\20200728plane\code\code\Debug\WinMain.obj
E:\Project\20200418周末班\C++\20200728plane\code\code\Debug\cl.command.1.tlog
E:\Project\20200418周末班\C++\20200728plane\code\code\Debug\CL.read.1.tlog
E:\Project\20200418周末班\C++\20200728plane\code\code\Debug\CL.write.1.tlog
E:\Project\20200418周末班\C++\20200728plane\code\code\Debug\link-cvtres.read.1.tlog
E:\Project\20200418周末班\C++\20200728plane\code\code\Debug\link-cvtres.write.1.tlog
E:\Project\20200418周末班\C++\20200728plane\code\code\Debug\link-rc.read.1.tlog
E:\Project\20200418周末班\C++\20200728plane\code\code\Debug\link-rc.write.1.tlog
E:\Project\20200418周末班\C++\20200728plane\code\code\Debug\link.command.1.tlog
E:\Project\20200418周末班\C++\20200728plane\code\code\Debug\link.read.1.tlog
E:\Project\20200418周末班\C++\20200728plane\code\code\Debug\link.write.1.tlog
E:\Project\20200418周末班\C++\20200728plane\code\code\Debug\rc.command.1.tlog
E:\Project\20200418周末班\C++\20200728plane\code\code\Debug\rc.read.1.tlog
E:\Project\20200418周末班\C++\20200728plane\code\code\Debug\rc.write.1.tlog
E:\Project\20200418周末班\C++\20200728plane\code\code\Debug\code.res
E:\Project\20200418周末班\C++\20200728plane\code\code\Debug\vc110.idb
E:\Project\20200418周末班\C++\20200728plane\code\code\Debug\vc110.pdb
E:\Project\20200418周末班\C++\20200728plane\code\Debug\code.pdb
E:\Project\20200418周末班\C++\20200728plane\code\Debug\code.exe
E:\Project\20200418周末班\C++\20200728plane\code\Debug\code.ilk
